[INFO] 14:11:40:009 CPU_LOG/(7073:7073): IP_MEMORIA: 127.0.0.1
[INFO] 14:11:40:009 CPU_LOG/(7073:7073): IP_MEMORIA: 8002
[INFO] 14:11:40:010 CPU_LOG/(7073:7073): IP_MEMORIA: 8006
[INFO] 14:11:40:010 CPU_LOG/(7073:7073): IP_MEMORIA: 8007
[INFO] 14:42:19:495 CPU_LOG/(13363:13363): PUERTO_ESCUCHA: 8003
[INFO] 14:42:19:496 CPU_LOG/(13363:13363): IP_MEMORIA: 127.0.0.1
[INFO] 14:42:19:496 CPU_LOG/(13363:13363): PUERTO_MEMORIA: 8002
[INFO] 14:42:19:496 CPU_LOG/(13363:13363): IP_CPU: 127.0.0.1
[INFO] 14:42:19:496 CPU_LOG/(13363:13363): PUERTO_CPU_DISPATCH: 8006
[INFO] 14:42:19:496 CPU_LOG/(13363:13363): PUERTO_CPU_INTERRUPT: 8007
[INFO] 14:42:19:496 CPU_LOG/(13363:13363): ALGORITMO_PLANIFICACION: VRR
[INFO] 14:42:19:496 CPU_LOG/(13363:13363): QUANTUM: 2000
[INFO] 14:42:19:496 CPU_LOG/(13363:13363): RECURSOS: [RA,RB,RC]
[INFO] 14:42:19:496 CPU_LOG/(13363:13363): INSTANCIAS_RECURSOS: [1,2,1]
[INFO] 14:42:19:496 CPU_LOG/(13363:13363): GRADO_MULTIPROGRAMACION: 10
[INFO] 01:06:24:134 CPU_LOG/(44584:44584): IP_MEMORIA: 127.0.0.1
[INFO] 01:06:24:135 CPU_LOG/(44584:44584): PUERTO_MEMORIA: 8002
[INFO] 01:06:24:135 CPU_LOG/(44584:44584): PUERTO_ESCUCHA_DISPATCH: 8006
[INFO] 01:06:24:135 CPU_LOG/(44584:44584): PUERTO_ESCUCHA_INTERRUP: 8007
[INFO] 01:06:24:135 CPU_LOG/(44584:44584): CANTIDAD_ENTRADAS_TLB: 32
[INFO] 01:06:24:135 CPU_LOG/(44584:44584): ALGORITMO_TLB: FIFO
[INFO] 01:06:24:136 CPU_LOG/(44584:44584): CPU-DISPATCH LEVANTADO
[INFO] 01:06:24:136 CPU_LOG/(44584:44584): CPU-INTERRUPT LEVANTADO
[INFO] 01:06:24:136 CPU_LOG/(44584:44584): Conectando a memoria...
[INFO] 01:06:24:136 CPU_LOG/(44584:44584): Esperando conexion de KERNEL a DISPATCH...
[INFO] 01:08:02:095 CPU_LOG/(44613:44613): IP_MEMORIA: 127.0.0.1
[INFO] 01:08:02:096 CPU_LOG/(44613:44613): PUERTO_MEMORIA: 8002
[INFO] 01:08:02:096 CPU_LOG/(44613:44613): PUERTO_ESCUCHA_DISPATCH: 8006
[INFO] 01:08:02:096 CPU_LOG/(44613:44613): PUERTO_ESCUCHA_INTERRUP: 8007
[INFO] 01:08:02:096 CPU_LOG/(44613:44613): CANTIDAD_ENTRADAS_TLB: 32
[INFO] 01:08:02:096 CPU_LOG/(44613:44613): ALGORITMO_TLB: FIFO
[INFO] 01:08:02:096 CPU_LOG/(44613:44613): CPU-DISPATCH LEVANTADO
[INFO] 01:08:02:096 CPU_LOG/(44613:44613): CPU-INTERRUPT LEVANTADO
[INFO] 01:08:02:096 CPU_LOG/(44613:44613): Conectando a memoria...
[INFO] 01:08:02:096 CPU_LOG/(44613:44613): Esperando conexion de KERNEL a DISPATCH...
[INFO] 01:08:16:081 CPU_LOG/(44613:44613): Se conecto el: KERNEL_DISPATCH
[INFO] 01:08:16:081 CPU_LOG/(44613:44613): Esperando conexion KERNEL a INTERRUPT...
[INFO] 01:11:29:952 CPU_LOG/(44732:44732): IP_MEMORIA: 127.0.0.1
[INFO] 01:11:29:952 CPU_LOG/(44732:44732): PUERTO_MEMORIA: 8002
[INFO] 01:11:29:953 CPU_LOG/(44732:44732): PUERTO_ESCUCHA_DISPATCH: 8006
[INFO] 01:11:29:953 CPU_LOG/(44732:44732): PUERTO_ESCUCHA_INTERRUP: 8007
[INFO] 01:11:29:953 CPU_LOG/(44732:44732): CANTIDAD_ENTRADAS_TLB: 32
[INFO] 01:11:29:953 CPU_LOG/(44732:44732): ALGORITMO_TLB: FIFO
[INFO] 01:11:29:953 CPU_LOG/(44732:44732): CPU-DISPATCH LEVANTADO
[INFO] 01:11:29:953 CPU_LOG/(44732:44732): CPU-INTERRUPT LEVANTADO
[INFO] 01:11:29:953 CPU_LOG/(44732:44732): Conectando a memoria...
[INFO] 01:11:29:953 CPU_LOG/(44732:44732): Esperando conexion de KERNEL a DISPATCH...
[INFO] 01:11:38:960 CPU_LOG/(44732:44732): Se conecto el: KERNEL_DISPATCH
[INFO] 01:11:38:960 CPU_LOG/(44732:44732): Esperando conexion KERNEL a INTERRUPT...
[INFO] 01:18:31:494 CPU_LOG/(45992:45992): IP_MEMORIA: 127.0.0.1
[INFO] 01:18:31:494 CPU_LOG/(45992:45992): PUERTO_MEMORIA: 8002
[INFO] 01:18:31:494 CPU_LOG/(45992:45992): PUERTO_ESCUCHA_DISPATCH: 8006
[INFO] 01:18:31:494 CPU_LOG/(45992:45992): PUERTO_ESCUCHA_INTERRUP: 8007
[INFO] 01:18:31:494 CPU_LOG/(45992:45992): CANTIDAD_ENTRADAS_TLB: 32
[INFO] 01:18:31:494 CPU_LOG/(45992:45992): ALGORITMO_TLB: FIFO
[INFO] 01:18:31:495 CPU_LOG/(45992:45992): CPU-DISPATCH LEVANTADO
[INFO] 01:18:31:495 CPU_LOG/(45992:45992): CPU-INTERRUPT LEVANTADO
[INFO] 01:18:31:495 CPU_LOG/(45992:45992): Conectando a memoria...
[INFO] 01:18:31:495 CPU_LOG/(45992:45992): Esperando conexion de KERNEL a DISPATCH...
[INFO] 01:20:12:247 CPU_LOG/(46160:46160): IP_MEMORIA: 127.0.0.1
[INFO] 01:20:12:248 CPU_LOG/(46160:46160): PUERTO_MEMORIA: 8002
[INFO] 01:20:12:248 CPU_LOG/(46160:46160): PUERTO_ESCUCHA_DISPATCH: 8006
[INFO] 01:20:12:248 CPU_LOG/(46160:46160): PUERTO_ESCUCHA_INTERRUP: 8007
[INFO] 01:20:12:248 CPU_LOG/(46160:46160): CANTIDAD_ENTRADAS_TLB: 32
[INFO] 01:20:12:248 CPU_LOG/(46160:46160): ALGORITMO_TLB: FIFO
[INFO] 01:20:12:248 CPU_LOG/(46160:46160): CPU-DISPATCH LEVANTADO
[INFO] 01:20:12:248 CPU_LOG/(46160:46160): CPU-INTERRUPT LEVANTADO
[INFO] 01:20:12:248 CPU_LOG/(46160:46160): Conectando a memoria...
[INFO] 01:20:12:248 CPU_LOG/(46160:46160): Esperando conexion de KERNEL a DISPATCH...
[INFO] 01:20:49:602 CPU_LOG/(46166:46166): IP_MEMORIA: 127.0.0.1
[INFO] 01:20:49:602 CPU_LOG/(46166:46166): PUERTO_MEMORIA: 8002
[INFO] 01:20:49:603 CPU_LOG/(46166:46166): PUERTO_ESCUCHA_DISPATCH: 8006
[INFO] 01:20:49:603 CPU_LOG/(46166:46166): PUERTO_ESCUCHA_INTERRUP: 8007
[INFO] 01:20:49:603 CPU_LOG/(46166:46166): CANTIDAD_ENTRADAS_TLB: 32
[INFO] 01:20:49:603 CPU_LOG/(46166:46166): ALGORITMO_TLB: FIFO
[INFO] 01:20:49:603 CPU_LOG/(46166:46166): CPU-DISPATCH LEVANTADO
[INFO] 01:20:49:603 CPU_LOG/(46166:46166): CPU-INTERRUPT LEVANTADO
[INFO] 01:20:49:603 CPU_LOG/(46166:46166): Conectando a memoria...
[INFO] 01:20:49:603 CPU_LOG/(46166:46166): Esperando conexion de KERNEL a DISPATCH...
[INFO] 01:21:37:152 CPU_LOG/(46258:46258): IP_MEMORIA: 127.0.0.1
[INFO] 01:21:37:152 CPU_LOG/(46258:46258): PUERTO_MEMORIA: 8002
[INFO] 01:21:37:152 CPU_LOG/(46258:46258): PUERTO_ESCUCHA_DISPATCH: 8006
[INFO] 01:21:37:152 CPU_LOG/(46258:46258): PUERTO_ESCUCHA_INTERRUP: 8007
[INFO] 01:21:37:152 CPU_LOG/(46258:46258): CANTIDAD_ENTRADAS_TLB: 32
[INFO] 01:21:37:152 CPU_LOG/(46258:46258): ALGORITMO_TLB: FIFO
[INFO] 01:21:37:152 CPU_LOG/(46258:46258): CPU-DISPATCH LEVANTADO
[INFO] 01:21:37:152 CPU_LOG/(46258:46258): CPU-INTERRUPT LEVANTADO
[INFO] 01:21:37:152 CPU_LOG/(46258:46258): Conectando a memoria...
[INFO] 01:21:37:153 CPU_LOG/(46258:46258): Esperando conexion de KERNEL a DISPATCH...
[INFO] 01:22:46:418 CPU_LOG/(46429:46429): IP_MEMORIA: 127.0.0.1
[INFO] 01:22:46:418 CPU_LOG/(46429:46429): PUERTO_MEMORIA: 8002
[INFO] 01:22:46:418 CPU_LOG/(46429:46429): PUERTO_ESCUCHA_DISPATCH: 8006
[INFO] 01:22:46:418 CPU_LOG/(46429:46429): PUERTO_ESCUCHA_INTERRUP: 8007
[INFO] 01:22:46:418 CPU_LOG/(46429:46429): CANTIDAD_ENTRADAS_TLB: 32
[INFO] 01:22:46:418 CPU_LOG/(46429:46429): ALGORITMO_TLB: FIFO
[INFO] 01:22:46:419 CPU_LOG/(46429:46429): CPU-DISPATCH LEVANTADO
[INFO] 01:22:46:419 CPU_LOG/(46429:46429): CPU-INTERRUPT LEVANTADO
[INFO] 01:22:46:419 CPU_LOG/(46429:46429): Conectando a memoria...
[INFO] 01:22:46:419 CPU_LOG/(46429:46429): Esperando conexion de KERNEL a DISPATCH...
[INFO] 01:23:00:038 CPU_LOG/(46431:46431): IP_MEMORIA: 127.0.0.1
[INFO] 01:23:00:039 CPU_LOG/(46431:46431): PUERTO_MEMORIA: 8002
[INFO] 01:23:00:039 CPU_LOG/(46431:46431): PUERTO_ESCUCHA_DISPATCH: 8006
[INFO] 01:23:00:039 CPU_LOG/(46431:46431): PUERTO_ESCUCHA_INTERRUP: 8007
[INFO] 01:23:00:040 CPU_LOG/(46431:46431): CANTIDAD_ENTRADAS_TLB: 32
[INFO] 01:23:00:040 CPU_LOG/(46431:46431): ALGORITMO_TLB: FIFO
[INFO] 01:23:00:040 CPU_LOG/(46431:46431): CPU-DISPATCH LEVANTADO
[INFO] 01:23:00:040 CPU_LOG/(46431:46431): CPU-INTERRUPT LEVANTADO
[INFO] 01:23:00:040 CPU_LOG/(46431:46431): Conectando a memoria...
[INFO] 01:23:00:040 CPU_LOG/(46431:46431): Esperando conexion de KERNEL a DISPATCH...
[INFO] 01:23:55:636 CPU_LOG/(46469:46469): IP_MEMORIA: 127.0.0.1
[INFO] 01:23:55:637 CPU_LOG/(46469:46469): PUERTO_MEMORIA: 8002
[INFO] 01:23:55:637 CPU_LOG/(46469:46469): PUERTO_ESCUCHA_DISPATCH: 8006
[INFO] 01:23:55:637 CPU_LOG/(46469:46469): PUERTO_ESCUCHA_INTERRUP: 8007
[INFO] 01:23:55:637 CPU_LOG/(46469:46469): CANTIDAD_ENTRADAS_TLB: 32
[INFO] 01:23:55:637 CPU_LOG/(46469:46469): ALGORITMO_TLB: FIFO
[INFO] 01:23:55:637 CPU_LOG/(46469:46469): CPU-DISPATCH LEVANTADO
[INFO] 01:23:55:637 CPU_LOG/(46469:46469): CPU-INTERRUPT LEVANTADO
[INFO] 01:23:55:637 CPU_LOG/(46469:46469): Conectando a memoria...
[INFO] 01:23:55:637 CPU_LOG/(46469:46469): Esperando conexion de KERNEL a DISPATCH...
[INFO] 01:24:07:733 CPU_LOG/(46486:46486): IP_MEMORIA: 127.0.0.1
[INFO] 01:24:07:734 CPU_LOG/(46486:46486): PUERTO_MEMORIA: 8002
[INFO] 01:24:07:734 CPU_LOG/(46486:46486): PUERTO_ESCUCHA_DISPATCH: 8006
[INFO] 01:24:07:734 CPU_LOG/(46486:46486): PUERTO_ESCUCHA_INTERRUP: 8007
[INFO] 01:24:07:734 CPU_LOG/(46486:46486): CANTIDAD_ENTRADAS_TLB: 32
[INFO] 01:24:07:734 CPU_LOG/(46486:46486): ALGORITMO_TLB: FIFO
[INFO] 01:24:07:734 CPU_LOG/(46486:46486): CPU-DISPATCH LEVANTADO
[INFO] 01:24:07:734 CPU_LOG/(46486:46486): CPU-INTERRUPT LEVANTADO
[INFO] 01:24:07:734 CPU_LOG/(46486:46486): Conectando a memoria...
[INFO] 01:24:07:734 CPU_LOG/(46486:46486): Esperando conexion de KERNEL a DISPATCH...
[INFO] 01:33:59:566 CPU_LOG/(46486:46486): Se conecto el: KERNEL_DISPATCH
[INFO] 01:33:59:567 CPU_LOG/(46486:46486): Esperando conexion KERNEL a INTERRUPT...
[INFO] 01:33:59:570 CPU_LOG/(46486:46486): Se conecto el: KERNEL_INTERRUPT
[INFO] 01:44:27:126 CPU_LOG/(2084:2084): IP_MEMORIA: 127.0.0.1
[INFO] 01:44:27:126 CPU_LOG/(2084:2084): PUERTO_MEMORIA: 8002
[INFO] 01:44:27:126 CPU_LOG/(2084:2084): PUERTO_ESCUCHA_DISPATCH: 8006
[INFO] 01:44:27:127 CPU_LOG/(2084:2084): PUERTO_ESCUCHA_INTERRUP: 8007
[INFO] 01:44:27:127 CPU_LOG/(2084:2084): CANTIDAD_ENTRADAS_TLB: 32
[INFO] 01:44:27:127 CPU_LOG/(2084:2084): ALGORITMO_TLB: FIFO
[INFO] 01:44:27:127 CPU_LOG/(2084:2084): CPU-DISPATCH LEVANTADO
[INFO] 01:44:27:127 CPU_LOG/(2084:2084): CPU-INTERRUPT LEVANTADO
[INFO] 01:44:27:127 CPU_LOG/(2084:2084): Conectando a memoria...
[INFO] 01:44:27:127 CPU_LOG/(2084:2084): Esperando conexion de KERNEL a DISPATCH...
[INFO] 01:44:32:710 CPU_LOG/(2084:2084): Se conecto el: KERNEL_DISPATCH
[INFO] 01:44:32:710 CPU_LOG/(2084:2084): Esperando conexion KERNEL a INTERRUPT...
[INFO] 01:44:32:710 CPU_LOG/(2084:2084): Se conecto el: KERNEL_INTERRUPT
[INFO] 03:15:31:932 CPU_LOG/(285419:285419): IP_MEMORIA: 127.0.0.1
[INFO] 03:15:31:932 CPU_LOG/(285419:285419): PUERTO_MEMORIA: 8002
[INFO] 03:15:31:933 CPU_LOG/(285419:285419): PUERTO_ESCUCHA_DISPATCH: 8006
[INFO] 03:15:31:933 CPU_LOG/(285419:285419): PUERTO_ESCUCHA_INTERRUP: 8007
[INFO] 03:15:31:933 CPU_LOG/(285419:285419): CANTIDAD_ENTRADAS_TLB: 32
[INFO] 03:15:31:933 CPU_LOG/(285419:285419): ALGORITMO_TLB: FIFO
[INFO] 03:15:31:934 CPU_LOG/(285419:285419): CPU-DISPATCH LEVANTADO
[INFO] 03:15:31:934 CPU_LOG/(285419:285419): CPU-INTERRUPT LEVANTADO
[INFO] 03:15:31:934 CPU_LOG/(285419:285419): Conectando a memoria...
[INFO] 03:15:31:934 CPU_LOG/(285419:285419): Esperando conexion de KERNEL a DISPATCH...
[INFO] 03:16:56:723 CPU_LOG/(285449:285449): IP_MEMORIA: 127.0.0.1
[INFO] 03:16:56:724 CPU_LOG/(285449:285449): PUERTO_MEMORIA: 8002
[INFO] 03:16:56:724 CPU_LOG/(285449:285449): PUERTO_ESCUCHA_DISPATCH: 8006
[INFO] 03:16:56:724 CPU_LOG/(285449:285449): PUERTO_ESCUCHA_INTERRUP: 8007
[INFO] 03:16:56:724 CPU_LOG/(285449:285449): CANTIDAD_ENTRADAS_TLB: 32
[INFO] 03:16:56:725 CPU_LOG/(285449:285449): ALGORITMO_TLB: FIFO
[INFO] 03:16:56:725 CPU_LOG/(285449:285449): CPU-DISPATCH LEVANTADO
[INFO] 03:16:56:725 CPU_LOG/(285449:285449): CPU-INTERRUPT LEVANTADO
[INFO] 03:16:56:725 CPU_LOG/(285449:285449): Conectando a memoria...
[INFO] 03:16:56:725 CPU_LOG/(285449:285449): Esperando conexion de KERNEL a DISPATCH...
[INFO] 03:17:02:112 CPU_LOG/(285449:285449): Se conecto el: KERNEL_DISPATCH
[INFO] 03:17:02:112 CPU_LOG/(285449:285449): Esperando conexion KERNEL a INTERRUPT...
[INFO] 03:17:02:112 CPU_LOG/(285449:285449): Se conecto el: KERNEL_INTERRUPT
[INFO] 17:01:01:156 CPU_LOG/(324596:324596): IP_MEMORIA: 127.0.0.1
[INFO] 17:01:01:156 CPU_LOG/(324596:324596): PUERTO_MEMORIA: 8002
[INFO] 17:01:01:156 CPU_LOG/(324596:324596): PUERTO_ESCUCHA_DISPATCH: 8006
[INFO] 17:01:01:156 CPU_LOG/(324596:324596): PUERTO_ESCUCHA_INTERRUP: 8007
[INFO] 17:01:01:157 CPU_LOG/(324596:324596): CANTIDAD_ENTRADAS_TLB: 32
[INFO] 17:01:01:157 CPU_LOG/(324596:324596): ALGORITMO_TLB: FIFO
[INFO] 17:01:01:157 CPU_LOG/(324596:324596): CPU-DISPATCH LEVANTADO
[INFO] 17:01:01:157 CPU_LOG/(324596:324596): CPU-INTERRUPT LEVANTADO
[INFO] 17:01:01:157 CPU_LOG/(324596:324596): Conectando a memoria...
[INFO] 17:01:01:157 CPU_LOG/(324596:324596): Esperando conexion de KERNEL a DISPATCH...
[INFO] 17:01:20:242 CPU_LOG/(324596:324596): Se conecto el: KERNEL_DISPATCH
[INFO] 17:01:20:242 CPU_LOG/(324596:324596): Esperando conexion KERNEL a INTERRUPT...
[INFO] 17:01:20:243 CPU_LOG/(324596:324596): Se conecto el: KERNEL_INTERRUPT
[ERROR] 17:01:36:733 CPU_LOG/(324596:324605): El KERNEL-DISPATCH se desconecto. Terminando servidor
[ERROR] 17:01:36:733 CPU_LOG/(324596:324606): El KERNEL-INTERRUPT se desconecto. Terminando servidor
[INFO] 20:34:38:030 CPU_LOG/(331209:331209): IP_MEMORIA: 127.0.0.1
[INFO] 20:34:38:030 CPU_LOG/(331209:331209): PUERTO_MEMORIA: 8002
[INFO] 20:34:38:030 CPU_LOG/(331209:331209): PUERTO_ESCUCHA_DISPATCH: 8006
[INFO] 20:34:38:030 CPU_LOG/(331209:331209): PUERTO_ESCUCHA_INTERRUP: 8007
[INFO] 20:34:38:030 CPU_LOG/(331209:331209): CANTIDAD_ENTRADAS_TLB: 32
[INFO] 20:34:38:030 CPU_LOG/(331209:331209): ALGORITMO_TLB: FIFO
[INFO] 20:34:38:030 CPU_LOG/(331209:331209): CPU-DISPATCH LEVANTADO
[INFO] 20:34:38:030 CPU_LOG/(331209:331209): CPU-INTERRUPT LEVANTADO
[INFO] 20:34:38:030 CPU_LOG/(331209:331209): Conectando a memoria...
[INFO] 20:34:38:031 CPU_LOG/(331209:331209): Esperando conexion de KERNEL a DISPATCH...
[INFO] 20:34:51:299 CPU_LOG/(331209:331209): Se conecto el: KERNEL_DISPATCH
[INFO] 20:34:51:299 CPU_LOG/(331209:331209): Esperando conexion KERNEL a INTERRUPT...
[INFO] 20:34:51:299 CPU_LOG/(331209:331209): Se conecto el: KERNEL_INTERRUPT
[ERROR] 20:35:07:991 CPU_LOG/(331209:331217): La MEMORIA se desconecto. Terminando servidor
[ERROR] 20:35:07:991 CPU_LOG/(331209:331219): El KERNEL-INTERRUPT se desconecto. Terminando servidor
[INFO] 23:48:22:931 CPU_LOG/(63005:63005): IP_MEMORIA: 127.0.0.1
[INFO] 23:48:22:932 CPU_LOG/(63005:63005): PUERTO_MEMORIA: 8002
[INFO] 23:48:22:932 CPU_LOG/(63005:63005): PUERTO_ESCUCHA_DISPATCH: 8006
[INFO] 23:48:22:932 CPU_LOG/(63005:63005): PUERTO_ESCUCHA_INTERRUP: 8007
[INFO] 23:48:22:932 CPU_LOG/(63005:63005): CANTIDAD_ENTRADAS_TLB: 32
[INFO] 23:48:22:932 CPU_LOG/(63005:63005): ALGORITMO_TLB: FIFO
[INFO] 23:48:22:932 CPU_LOG/(63005:63005): CPU-DISPATCH LEVANTADO
[INFO] 23:48:22:932 CPU_LOG/(63005:63005): CPU-INTERRUPT LEVANTADO
[INFO] 23:48:22:932 CPU_LOG/(63005:63005): Conectando a memoria...
[INFO] 23:48:22:932 CPU_LOG/(63005:63005): Esperando conexion de KERNEL a DISPATCH...
[INFO] 23:48:25:906 CPU_LOG/(63005:63005): Se conecto el: KERNEL_DISPATCH
[INFO] 23:48:25:906 CPU_LOG/(63005:63005): Esperando conexion KERNEL a INTERRUPT...
[INFO] 23:48:25:906 CPU_LOG/(63005:63005): Se conecto el: KERNEL_INTERRUPT
[ERROR] 23:48:28:036 CPU_LOG/(63005:63007): La MEMORIA se desconecto. Terminando servidor
[ERROR] 23:48:28:036 CPU_LOG/(63005:63009): El KERNEL-INTERRUPT se desconecto. Terminando servidor
[INFO] 00:18:13:038 CPU_LOG/(66668:66668): IP_MEMORIA: 127.0.0.1
[INFO] 00:18:13:038 CPU_LOG/(66668:66668): PUERTO_MEMORIA: 8002
[INFO] 00:18:13:038 CPU_LOG/(66668:66668): PUERTO_ESCUCHA_DISPATCH: 8006
[INFO] 00:18:13:038 CPU_LOG/(66668:66668): PUERTO_ESCUCHA_INTERRUP: 8007
[INFO] 00:18:13:039 CPU_LOG/(66668:66668): CANTIDAD_ENTRADAS_TLB: 32
[INFO] 00:18:13:039 CPU_LOG/(66668:66668): ALGORITMO_TLB: FIFO
[INFO] 00:18:13:039 CPU_LOG/(66668:66668): CPU-DISPATCH LEVANTADO
[INFO] 00:18:13:039 CPU_LOG/(66668:66668): CPU-INTERRUPT LEVANTADO
[INFO] 00:18:13:039 CPU_LOG/(66668:66668): Conectando a memoria...
[INFO] 00:18:13:039 CPU_LOG/(66668:66668): Esperando conexion de KERNEL a DISPATCH...
[INFO] 00:18:15:628 CPU_LOG/(66668:66668): Se conecto el: KERNEL_DISPATCH
[INFO] 00:18:15:628 CPU_LOG/(66668:66668): Esperando conexion KERNEL a INTERRUPT...
[INFO] 00:18:15:628 CPU_LOG/(66668:66668): Se conecto el: KERNEL_INTERRUPT
[ERROR] 00:18:17:882 CPU_LOG/(66668:66670): La MEMORIA se desconecto. Terminando servidor
[ERROR] 00:18:17:882 CPU_LOG/(66668:66672): El KERNEL-INTERRUPT se desconecto. Terminando servidor
[INFO] 00:23:51:226 CPU_LOG/(68147:68147): IP_MEMORIA: 127.0.0.1
[INFO] 00:23:51:226 CPU_LOG/(68147:68147): PUERTO_MEMORIA: 8002
[INFO] 00:23:51:226 CPU_LOG/(68147:68147): PUERTO_ESCUCHA_DISPATCH: 8006
[INFO] 00:23:51:226 CPU_LOG/(68147:68147): PUERTO_ESCUCHA_INTERRUP: 8007
[INFO] 00:23:51:226 CPU_LOG/(68147:68147): CANTIDAD_ENTRADAS_TLB: 32
[INFO] 00:23:51:226 CPU_LOG/(68147:68147): ALGORITMO_TLB: FIFO
[INFO] 00:23:51:226 CPU_LOG/(68147:68147): CPU-DISPATCH LEVANTADO
[INFO] 00:23:51:226 CPU_LOG/(68147:68147): CPU-INTERRUPT LEVANTADO
[INFO] 00:23:51:226 CPU_LOG/(68147:68147): Conectando a memoria...
[INFO] 00:23:51:226 CPU_LOG/(68147:68147): Esperando conexion de KERNEL a DISPATCH...
[INFO] 00:23:52:903 CPU_LOG/(68147:68147): Se conecto el: KERNEL_DISPATCH
[INFO] 00:23:52:903 CPU_LOG/(68147:68147): Esperando conexion KERNEL a INTERRUPT...
[INFO] 00:23:52:903 CPU_LOG/(68147:68147): Se conecto el: KERNEL_INTERRUPT
