[INFO] 01:08:55:221 ENTRADASALIDA_LOG/(44619:44619): TIPO_INTERFAZ: STDOUT
[INFO] 01:08:55:221 ENTRADASALIDA_LOG/(44619:44619): TIEMPO_UNIDAD_TRABAJO: 250
[INFO] 01:08:55:221 ENTRADASALIDA_LOG/(44619:44619): IP_KERNEL: 127.0.0.1
[INFO] 01:08:55:221 ENTRADASALIDA_LOG/(44619:44619): PUERTO_KERNEL: 8003
[INFO] 01:08:55:221 ENTRADASALIDA_LOG/(44619:44619): IP_MEMORIA: 127.0.0.1
[INFO] 01:08:55:221 ENTRADASALIDA_LOG/(44619:44619): PUERTO_MEMORIA: 8002
[INFO] 01:08:55:222 ENTRADASALIDA_LOG/(44619:44619): PATH_BASE_DIALFS: /home/utnso/dialfs
[INFO] 01:08:55:222 ENTRADASALIDA_LOG/(44619:44619): BLOCK_SIZE: 64
[INFO] 01:08:55:222 ENTRADASALIDA_LOG/(44619:44619): BLOCK_COUNT: 1024
[INFO] 01:08:55:222 ENTRADASALIDA_LOG/(44619:44619): RETRASO_COMPACTACION: 50000
[INFO] 01:20:22:785 ENTRADASALIDA_LOG/(46163:46163): TIPO_INTERFAZ: STDOUT
[INFO] 01:20:22:785 ENTRADASALIDA_LOG/(46163:46163): TIEMPO_UNIDAD_TRABAJO: 250
[INFO] 01:20:22:785 ENTRADASALIDA_LOG/(46163:46163): IP_KERNEL: 127.0.0.1
[INFO] 01:20:22:785 ENTRADASALIDA_LOG/(46163:46163): PUERTO_KERNEL: 8003
[INFO] 01:20:22:785 ENTRADASALIDA_LOG/(46163:46163): IP_MEMORIA: 127.0.0.1
[INFO] 01:20:22:785 ENTRADASALIDA_LOG/(46163:46163): PUERTO_MEMORIA: 8002
[INFO] 01:20:22:785 ENTRADASALIDA_LOG/(46163:46163): PATH_BASE_DIALFS: /home/utnso/dialfs
[INFO] 01:20:22:785 ENTRADASALIDA_LOG/(46163:46163): BLOCK_SIZE: 64
[INFO] 01:20:22:785 ENTRADASALIDA_LOG/(46163:46163): BLOCK_COUNT: 1024
[INFO] 01:20:22:785 ENTRADASALIDA_LOG/(46163:46163): RETRASO_COMPACTACION: 50000
[INFO] 01:24:37:870 ENTRADASALIDA_LOG/(46506:46506): TIPO_INTERFAZ: STDOUT
[INFO] 01:24:37:871 ENTRADASALIDA_LOG/(46506:46506): TIEMPO_UNIDAD_TRABAJO: 250
[INFO] 01:24:37:871 ENTRADASALIDA_LOG/(46506:46506): IP_KERNEL: 127.0.0.1
[INFO] 01:24:37:871 ENTRADASALIDA_LOG/(46506:46506): PUERTO_KERNEL: 8003
[INFO] 01:24:37:871 ENTRADASALIDA_LOG/(46506:46506): IP_MEMORIA: 127.0.0.1
[INFO] 01:24:37:871 ENTRADASALIDA_LOG/(46506:46506): PUERTO_MEMORIA: 8002
[INFO] 01:24:37:871 ENTRADASALIDA_LOG/(46506:46506): PATH_BASE_DIALFS: /home/utnso/dialfs
[INFO] 01:24:37:871 ENTRADASALIDA_LOG/(46506:46506): BLOCK_SIZE: 64
[INFO] 01:24:37:871 ENTRADASALIDA_LOG/(46506:46506): BLOCK_COUNT: 1024
[INFO] 01:24:37:871 ENTRADASALIDA_LOG/(46506:46506): RETRASO_COMPACTACION: 50000
[INFO] 01:44:39:830 ENTRADASALIDA_LOG/(2086:2086): TIPO_INTERFAZ: STDOUT
[INFO] 01:44:39:831 ENTRADASALIDA_LOG/(2086:2086): TIEMPO_UNIDAD_TRABAJO: 250
[INFO] 01:44:39:831 ENTRADASALIDA_LOG/(2086:2086): IP_KERNEL: 127.0.0.1
[INFO] 01:44:39:831 ENTRADASALIDA_LOG/(2086:2086): PUERTO_KERNEL: 8003
[INFO] 01:44:39:831 ENTRADASALIDA_LOG/(2086:2086): IP_MEMORIA: 127.0.0.1
[INFO] 01:44:39:831 ENTRADASALIDA_LOG/(2086:2086): PUERTO_MEMORIA: 8002
[INFO] 01:44:39:831 ENTRADASALIDA_LOG/(2086:2086): PATH_BASE_DIALFS: /home/utnso/dialfs
[INFO] 01:44:39:831 ENTRADASALIDA_LOG/(2086:2086): BLOCK_SIZE: 64
[INFO] 01:44:39:831 ENTRADASALIDA_LOG/(2086:2086): BLOCK_COUNT: 1024
[INFO] 01:44:39:831 ENTRADASALIDA_LOG/(2086:2086): RETRASO_COMPACTACION: 50000
[INFO] 03:17:14:498 ENTRADASALIDA_LOG/(285457:285457): TIPO_INTERFAZ: STDOUT
[INFO] 03:17:14:498 ENTRADASALIDA_LOG/(285457:285457): TIEMPO_UNIDAD_TRABAJO: 250
[INFO] 03:17:14:498 ENTRADASALIDA_LOG/(285457:285457): IP_KERNEL: 127.0.0.1
[INFO] 03:17:14:498 ENTRADASALIDA_LOG/(285457:285457): PUERTO_KERNEL: 8003
[INFO] 03:17:14:498 ENTRADASALIDA_LOG/(285457:285457): IP_MEMORIA: 127.0.0.1
[INFO] 03:17:14:498 ENTRADASALIDA_LOG/(285457:285457): PUERTO_MEMORIA: 8002
[INFO] 03:17:14:498 ENTRADASALIDA_LOG/(285457:285457): PATH_BASE_DIALFS: /home/utnso/dialfs
[INFO] 03:17:14:498 ENTRADASALIDA_LOG/(285457:285457): BLOCK_SIZE: 64
[INFO] 03:17:14:498 ENTRADASALIDA_LOG/(285457:285457): BLOCK_COUNT: 1024
[INFO] 03:17:14:498 ENTRADASALIDA_LOG/(285457:285457): RETRASO_COMPACTACION: 50000
[INFO] 17:01:36:730 ENTRADASALIDA_LOG/(324614:324614): TIPO_INTERFAZ: STDOUT
[INFO] 17:01:36:730 ENTRADASALIDA_LOG/(324614:324614): TIEMPO_UNIDAD_TRABAJO: 250
[INFO] 17:01:36:731 ENTRADASALIDA_LOG/(324614:324614): IP_KERNEL: 127.0.0.1
[INFO] 17:01:36:731 ENTRADASALIDA_LOG/(324614:324614): PUERTO_KERNEL: 8003
[INFO] 17:01:36:731 ENTRADASALIDA_LOG/(324614:324614): IP_MEMORIA: 127.0.0.1
[INFO] 17:01:36:731 ENTRADASALIDA_LOG/(324614:324614): PUERTO_MEMORIA: 8002
[INFO] 17:01:36:731 ENTRADASALIDA_LOG/(324614:324614): PATH_BASE_DIALFS: /home/utnso/dialfs
[INFO] 17:01:36:731 ENTRADASALIDA_LOG/(324614:324614): BLOCK_SIZE: 64
[INFO] 17:01:36:731 ENTRADASALIDA_LOG/(324614:324614): BLOCK_COUNT: 1024
[INFO] 17:01:36:732 ENTRADASALIDA_LOG/(324614:324614): RETRASO_COMPACTACION: 50000
[ERROR] 17:01:36:733 ENTRADASALIDA_LOG/(324614:324620): El KERNEL-DISPATCH se desconecto. Terminando servidor
[INFO] 20:35:07:988 ENTRADASALIDA_LOG/(331225:331225): TIPO_INTERFAZ: STDOUT
[INFO] 20:35:07:989 ENTRADASALIDA_LOG/(331225:331225): TIEMPO_UNIDAD_TRABAJO: 250
[INFO] 20:35:07:989 ENTRADASALIDA_LOG/(331225:331225): IP_KERNEL: 127.0.0.1
[INFO] 20:35:07:989 ENTRADASALIDA_LOG/(331225:331225): PUERTO_KERNEL: 8003
[INFO] 20:35:07:989 ENTRADASALIDA_LOG/(331225:331225): IP_MEMORIA: 127.0.0.1
[INFO] 20:35:07:989 ENTRADASALIDA_LOG/(331225:331225): PUERTO_MEMORIA: 8002
[INFO] 20:35:07:989 ENTRADASALIDA_LOG/(331225:331225): PATH_BASE_DIALFS: /home/utnso/dialfs
[INFO] 20:35:07:989 ENTRADASALIDA_LOG/(331225:331225): BLOCK_SIZE: 64
[INFO] 20:35:07:989 ENTRADASALIDA_LOG/(331225:331225): BLOCK_COUNT: 1024
[INFO] 20:35:07:989 ENTRADASALIDA_LOG/(331225:331225): RETRASO_COMPACTACION: 50000
[ERROR] 20:35:07:991 ENTRADASALIDA_LOG/(331225:331230): La MEMORIA se desconecto. Terminando servidor
[ERROR] 20:35:07:992 ENTRADASALIDA_LOG/(331225:331231): El KERNEL se desconecto. Terminando servidor
[INFO] 23:48:28:034 ENTRADASALIDA_LOG/(63011:63011): TIPO_INTERFAZ: STDOUT
[INFO] 23:48:28:035 ENTRADASALIDA_LOG/(63011:63011): TIEMPO_UNIDAD_TRABAJO: 250
[INFO] 23:48:28:035 ENTRADASALIDA_LOG/(63011:63011): IP_KERNEL: 127.0.0.1
[INFO] 23:48:28:035 ENTRADASALIDA_LOG/(63011:63011): PUERTO_KERNEL: 8003
[INFO] 23:48:28:035 ENTRADASALIDA_LOG/(63011:63011): IP_MEMORIA: 127.0.0.1
[INFO] 23:48:28:035 ENTRADASALIDA_LOG/(63011:63011): PUERTO_MEMORIA: 8002
[INFO] 23:48:28:035 ENTRADASALIDA_LOG/(63011:63011): PATH_BASE_DIALFS: /home/utnso/dialfs
[INFO] 23:48:28:035 ENTRADASALIDA_LOG/(63011:63011): BLOCK_SIZE: 64
[INFO] 23:48:28:035 ENTRADASALIDA_LOG/(63011:63011): BLOCK_COUNT: 1024
[INFO] 23:48:28:035 ENTRADASALIDA_LOG/(63011:63011): RETRASO_COMPACTACION: 50000
[ERROR] 23:48:28:036 ENTRADASALIDA_LOG/(63011:63019): La MEMORIA se desconecto. Terminando servidor
[ERROR] 23:48:28:036 ENTRADASALIDA_LOG/(63011:63020): El KERNEL se desconecto. Terminando servidor
[INFO] 00:18:17:881 ENTRADASALIDA_LOG/(66674:66674): TIPO_INTERFAZ: STDOUT
[INFO] 00:18:17:881 ENTRADASALIDA_LOG/(66674:66674): TIEMPO_UNIDAD_TRABAJO: 250
[INFO] 00:18:17:881 ENTRADASALIDA_LOG/(66674:66674): IP_KERNEL: 127.0.0.1
[INFO] 00:18:17:881 ENTRADASALIDA_LOG/(66674:66674): PUERTO_KERNEL: 8003
[INFO] 00:18:17:881 ENTRADASALIDA_LOG/(66674:66674): IP_MEMORIA: 127.0.0.1
[INFO] 00:18:17:881 ENTRADASALIDA_LOG/(66674:66674): PUERTO_MEMORIA: 8002
[INFO] 00:18:17:881 ENTRADASALIDA_LOG/(66674:66674): PATH_BASE_DIALFS: /home/utnso/dialfs
[INFO] 00:18:17:881 ENTRADASALIDA_LOG/(66674:66674): BLOCK_SIZE: 64
[INFO] 00:18:17:881 ENTRADASALIDA_LOG/(66674:66674): BLOCK_COUNT: 1024
[INFO] 00:18:17:882 ENTRADASALIDA_LOG/(66674:66674): RETRASO_COMPACTACION: 50000
[ERROR] 00:18:17:882 ENTRADASALIDA_LOG/(66674:66682): La MEMORIA se desconecto. Terminando servidor
[ERROR] 00:18:17:883 ENTRADASALIDA_LOG/(66674:66683): El KERNEL se desconecto. Terminando servidor
[INFO] 00:23:54:263 ENTRADASALIDA_LOG/(68153:68153): TIPO_INTERFAZ: STDOUT
[INFO] 00:23:54:267 ENTRADASALIDA_LOG/(68153:68153): TIEMPO_UNIDAD_TRABAJO: 250
[INFO] 00:23:54:267 ENTRADASALIDA_LOG/(68153:68153): IP_KERNEL: 127.0.0.1
[INFO] 00:23:54:267 ENTRADASALIDA_LOG/(68153:68153): PUERTO_KERNEL: 8003
[INFO] 00:23:54:267 ENTRADASALIDA_LOG/(68153:68153): IP_MEMORIA: 127.0.0.1
[INFO] 00:23:54:267 ENTRADASALIDA_LOG/(68153:68153): PUERTO_MEMORIA: 8002
[INFO] 00:23:54:267 ENTRADASALIDA_LOG/(68153:68153): PATH_BASE_DIALFS: /home/utnso/dialfs
[INFO] 00:23:54:267 ENTRADASALIDA_LOG/(68153:68153): BLOCK_SIZE: 64
[INFO] 00:23:54:267 ENTRADASALIDA_LOG/(68153:68153): BLOCK_COUNT: 1024
[INFO] 00:23:54:268 ENTRADASALIDA_LOG/(68153:68153): RETRASO_COMPACTACION: 50000
