[INFO] 21:09:23:235 MEMORIA_LOG/(29967:29967): PUERTO_ESCUCHA: 8002
[INFO] 21:09:23:235 MEMORIA_LOG/(29967:29967): TAM_MEMORIA: 4096
[INFO] 21:09:23:235 MEMORIA_LOG/(29967:29967): TAM_PAGINA: 32
[INFO] 21:09:23:235 MEMORIA_LOG/(29967:29967): PATH_INSTRUCCIONES: /home/utnso/scripts-pruebas
[INFO] 21:09:23:235 MEMORIA_LOG/(29967:29967): RETARDO_RESPUESTA: 1000
[INFO] 21:14:48:151 MEMORIA_LOG/(30844:30844): PUERTO_ESCUCHA: 8002
[INFO] 21:14:48:152 MEMORIA_LOG/(30844:30844): TAM_MEMORIA: 4096
[INFO] 21:14:48:152 MEMORIA_LOG/(30844:30844): TAM_PAGINA: 32
[INFO] 21:14:48:152 MEMORIA_LOG/(30844:30844): PATH_INSTRUCCIONES: /home/utnso/scripts-pruebas
[INFO] 21:14:48:152 MEMORIA_LOG/(30844:30844): RETARDO_RESPUESTA: 1000
[INFO] 01:07:54:942 MEMORIA_LOG/(44611:44611): PUERTO_ESCUCHA: 8002
[INFO] 01:07:54:944 MEMORIA_LOG/(44611:44611): TAM_MEMORIA: 4096
[INFO] 01:07:54:944 MEMORIA_LOG/(44611:44611): TAM_PAGINA: 32
[INFO] 01:07:54:944 MEMORIA_LOG/(44611:44611): PATH_INSTRUCCIONES: /home/utnso/scripts-pruebas
[INFO] 01:07:54:944 MEMORIA_LOG/(44611:44611): RETARDO_RESPUESTA: 1000
[INFO] 01:07:54:945 MEMORIA_LOG/(44611:44611): MEMORIA INICIADA
[INFO] 01:07:54:945 MEMORIA_LOG/(44611:44611): Esperando a cpu...
[INFO] 01:08:02:096 MEMORIA_LOG/(44611:44611): Se conecto el: CPU
[INFO] 01:08:02:096 MEMORIA_LOG/(44611:44611): Esperando a Kernel...
[INFO] 01:08:16:081 MEMORIA_LOG/(44611:44611): Se conecto el: KERNEL
[INFO] 01:08:16:081 MEMORIA_LOG/(44611:44611): Esperando a entradasalida...
[INFO] 01:08:55:222 MEMORIA_LOG/(44611:44611): Se conecto el: ENTRADASALIDA
[INFO] 01:11:23:067 MEMORIA_LOG/(44730:44730): PUERTO_ESCUCHA: 8002
[INFO] 01:11:23:067 MEMORIA_LOG/(44730:44730): TAM_MEMORIA: 4096
[INFO] 01:11:23:067 MEMORIA_LOG/(44730:44730): TAM_PAGINA: 32
[INFO] 01:11:23:067 MEMORIA_LOG/(44730:44730): PATH_INSTRUCCIONES: /home/utnso/scripts-pruebas
[INFO] 01:11:23:067 MEMORIA_LOG/(44730:44730): RETARDO_RESPUESTA: 1000
[INFO] 01:11:23:067 MEMORIA_LOG/(44730:44730): MEMORIA INICIADA
[INFO] 01:11:23:067 MEMORIA_LOG/(44730:44730): Esperando a cpu...
[INFO] 01:11:29:953 MEMORIA_LOG/(44730:44730): Se conecto el: CPU
[INFO] 01:11:29:953 MEMORIA_LOG/(44730:44730): Esperando a Kernel...
[INFO] 01:11:38:960 MEMORIA_LOG/(44730:44730): Se conecto el: KERNEL
[INFO] 01:11:38:960 MEMORIA_LOG/(44730:44730): Esperando a entradasalida...
[INFO] 01:12:03:855 MEMORIA_LOG/(44730:44730): Se conecto el: ENTRADASALIDA
[INFO] 01:18:26:000 MEMORIA_LOG/(45990:45990): PUERTO_ESCUCHA: 8002
[INFO] 01:18:26:000 MEMORIA_LOG/(45990:45990): TAM_MEMORIA: 4096
[INFO] 01:18:26:001 MEMORIA_LOG/(45990:45990): TAM_PAGINA: 32
[INFO] 01:18:26:001 MEMORIA_LOG/(45990:45990): PATH_INSTRUCCIONES: /home/utnso/scripts-pruebas
[INFO] 01:18:26:001 MEMORIA_LOG/(45990:45990): RETARDO_RESPUESTA: 1000
[INFO] 01:18:26:001 MEMORIA_LOG/(45990:45990): MEMORIA INICIADA
[INFO] 01:18:26:001 MEMORIA_LOG/(45990:45990): Esperando a cpu...
[INFO] 01:18:31:495 MEMORIA_LOG/(45990:45990): Se conecto el: CPU
[INFO] 01:18:31:495 MEMORIA_LOG/(45990:45990): Esperando a Kernel...
[INFO] 01:18:35:929 MEMORIA_LOG/(45990:45990): Se conecto el: KERNEL
[INFO] 01:18:35:929 MEMORIA_LOG/(45990:45990): Esperando a entradasalida...
[INFO] 01:20:08:765 MEMORIA_LOG/(46158:46158): PUERTO_ESCUCHA: 8002
[INFO] 01:20:08:765 MEMORIA_LOG/(46158:46158): TAM_MEMORIA: 4096
[INFO] 01:20:08:766 MEMORIA_LOG/(46158:46158): TAM_PAGINA: 32
[INFO] 01:20:08:766 MEMORIA_LOG/(46158:46158): PATH_INSTRUCCIONES: /home/utnso/scripts-pruebas
[INFO] 01:20:08:766 MEMORIA_LOG/(46158:46158): RETARDO_RESPUESTA: 1000
[INFO] 01:20:08:766 MEMORIA_LOG/(46158:46158): MEMORIA INICIADA
[INFO] 01:20:08:766 MEMORIA_LOG/(46158:46158): Esperando a cpu...
[INFO] 01:20:45:170 MEMORIA_LOG/(46164:46164): PUERTO_ESCUCHA: 8002
[INFO] 01:20:45:170 MEMORIA_LOG/(46164:46164): TAM_MEMORIA: 4096
[INFO] 01:20:45:170 MEMORIA_LOG/(46164:46164): TAM_PAGINA: 32
[INFO] 01:20:45:170 MEMORIA_LOG/(46164:46164): PATH_INSTRUCCIONES: /home/utnso/scripts-pruebas
[INFO] 01:20:45:170 MEMORIA_LOG/(46164:46164): RETARDO_RESPUESTA: 1000
[INFO] 01:20:45:170 MEMORIA_LOG/(46164:46164): MEMORIA INICIADA
[INFO] 01:20:45:170 MEMORIA_LOG/(46164:46164): Esperando a cpu...
[INFO] 01:21:33:619 MEMORIA_LOG/(46255:46255): PUERTO_ESCUCHA: 8002
[INFO] 01:21:33:620 MEMORIA_LOG/(46255:46255): TAM_MEMORIA: 4096
[INFO] 01:21:33:620 MEMORIA_LOG/(46255:46255): TAM_PAGINA: 32
[INFO] 01:21:33:620 MEMORIA_LOG/(46255:46255): PATH_INSTRUCCIONES: /home/utnso/scripts-pruebas
[INFO] 01:21:33:620 MEMORIA_LOG/(46255:46255): RETARDO_RESPUESTA: 1000
[INFO] 01:21:33:620 MEMORIA_LOG/(46255:46255): MEMORIA INICIADA
[INFO] 01:21:33:620 MEMORIA_LOG/(46255:46255): Esperando a cpu...
[INFO] 01:21:37:152 MEMORIA_LOG/(46255:46255): Se conecto el: CPU
[INFO] 01:21:37:152 MEMORIA_LOG/(46255:46255): Esperando a Kernel...
[INFO] 01:21:45:582 MEMORIA_LOG/(46255:46255): Se conecto el: KERNEL
[INFO] 01:21:45:582 MEMORIA_LOG/(46255:46255): Esperando a entradasalida...
[INFO] 01:22:44:128 MEMORIA_LOG/(46427:46427): PUERTO_ESCUCHA: 8002
[INFO] 01:22:44:129 MEMORIA_LOG/(46427:46427): TAM_MEMORIA: 4096
[INFO] 01:22:44:129 MEMORIA_LOG/(46427:46427): TAM_PAGINA: 32
[INFO] 01:22:44:129 MEMORIA_LOG/(46427:46427): PATH_INSTRUCCIONES: /home/utnso/scripts-pruebas
[INFO] 01:22:44:129 MEMORIA_LOG/(46427:46427): RETARDO_RESPUESTA: 1000
[INFO] 01:22:44:129 MEMORIA_LOG/(46427:46427): MEMORIA INICIADA
[INFO] 01:22:44:130 MEMORIA_LOG/(46427:46427): Esperando a cpu...
[INFO] 01:22:57:112 MEMORIA_LOG/(46430:46430): PUERTO_ESCUCHA: 8002
[INFO] 01:22:57:113 MEMORIA_LOG/(46430:46430): TAM_MEMORIA: 4096
[INFO] 01:22:57:113 MEMORIA_LOG/(46430:46430): TAM_PAGINA: 32
[INFO] 01:22:57:113 MEMORIA_LOG/(46430:46430): PATH_INSTRUCCIONES: /home/utnso/scripts-pruebas
[INFO] 01:22:57:113 MEMORIA_LOG/(46430:46430): RETARDO_RESPUESTA: 1000
[INFO] 01:22:57:113 MEMORIA_LOG/(46430:46430): MEMORIA INICIADA
[INFO] 01:22:57:113 MEMORIA_LOG/(46430:46430): Esperando a cpu...
[INFO] 01:23:34:166 MEMORIA_LOG/(46458:46458): PUERTO_ESCUCHA: 8002
[INFO] 01:23:34:167 MEMORIA_LOG/(46458:46458): TAM_MEMORIA: 4096
[INFO] 01:23:34:167 MEMORIA_LOG/(46458:46458): TAM_PAGINA: 32
[INFO] 01:23:34:167 MEMORIA_LOG/(46458:46458): PATH_INSTRUCCIONES: /home/utnso/scripts-pruebas
[INFO] 01:23:34:167 MEMORIA_LOG/(46458:46458): RETARDO_RESPUESTA: 1000
[INFO] 01:23:34:167 MEMORIA_LOG/(46458:46458): MEMORIA INICIADA
[INFO] 01:23:34:168 MEMORIA_LOG/(46458:46458): Esperando a cpu...
[INFO] 01:24:03:621 MEMORIA_LOG/(46478:46478): PUERTO_ESCUCHA: 8002
[INFO] 01:24:03:621 MEMORIA_LOG/(46478:46478): TAM_MEMORIA: 4096
[INFO] 01:24:03:621 MEMORIA_LOG/(46478:46478): TAM_PAGINA: 32
[INFO] 01:24:03:621 MEMORIA_LOG/(46478:46478): PATH_INSTRUCCIONES: /home/utnso/scripts-pruebas
[INFO] 01:24:03:621 MEMORIA_LOG/(46478:46478): RETARDO_RESPUESTA: 1000
[INFO] 01:24:03:621 MEMORIA_LOG/(46478:46478): MEMORIA INICIADA
[INFO] 01:24:03:621 MEMORIA_LOG/(46478:46478): Esperando a cpu...
[INFO] 01:24:07:734 MEMORIA_LOG/(46478:46478): Se conecto el: CPU
[INFO] 01:24:07:734 MEMORIA_LOG/(46478:46478): Esperando a Kernel...
[INFO] 01:24:16:373 MEMORIA_LOG/(46478:46478): Se conecto el: KERNEL
[INFO] 01:24:16:373 MEMORIA_LOG/(46478:46478): Esperando a entradasalida...
[INFO] 01:24:37:871 MEMORIA_LOG/(46478:46478): Se conecto el: ENTRADASALIDA
[INFO] 01:44:18:885 MEMORIA_LOG/(2083:2083): PUERTO_ESCUCHA: 8002
[INFO] 01:44:18:885 MEMORIA_LOG/(2083:2083): TAM_MEMORIA: 4096
[INFO] 01:44:18:885 MEMORIA_LOG/(2083:2083): TAM_PAGINA: 32
[INFO] 01:44:18:885 MEMORIA_LOG/(2083:2083): PATH_INSTRUCCIONES: /home/utnso/scripts-pruebas
[INFO] 01:44:18:885 MEMORIA_LOG/(2083:2083): RETARDO_RESPUESTA: 1000
[INFO] 01:44:18:885 MEMORIA_LOG/(2083:2083): MEMORIA INICIADA
[INFO] 01:44:18:885 MEMORIA_LOG/(2083:2083): Esperando a cpu...
[INFO] 01:44:27:127 MEMORIA_LOG/(2083:2083): Se conecto el: CPU
[INFO] 01:44:27:127 MEMORIA_LOG/(2083:2083): Esperando a Kernel...
[INFO] 01:44:32:709 MEMORIA_LOG/(2083:2083): Se conecto el: KERNEL
[INFO] 01:44:32:710 MEMORIA_LOG/(2083:2083): Esperando a entradasalida...
[INFO] 01:44:39:831 MEMORIA_LOG/(2083:2083): Se conecto el: ENTRADASALIDA
[INFO] 03:16:53:207 MEMORIA_LOG/(285447:285447): PUERTO_ESCUCHA: 8002
[INFO] 03:16:53:208 MEMORIA_LOG/(285447:285447): TAM_MEMORIA: 4096
[INFO] 03:16:53:208 MEMORIA_LOG/(285447:285447): TAM_PAGINA: 32
[INFO] 03:16:53:208 MEMORIA_LOG/(285447:285447): PATH_INSTRUCCIONES: /home/utnso/scripts-pruebas
[INFO] 03:16:53:208 MEMORIA_LOG/(285447:285447): RETARDO_RESPUESTA: 1000
[INFO] 03:16:53:208 MEMORIA_LOG/(285447:285447): MEMORIA INICIADA
[INFO] 03:16:53:208 MEMORIA_LOG/(285447:285447): Esperando a cpu...
[INFO] 03:16:56:725 MEMORIA_LOG/(285447:285447): Se conecto el: CPU
[INFO] 03:16:56:725 MEMORIA_LOG/(285447:285447): Esperando a Kernel...
[INFO] 03:17:02:112 MEMORIA_LOG/(285447:285447): Se conecto el: KERNEL
[INFO] 03:17:02:112 MEMORIA_LOG/(285447:285447): Esperando a entradasalida...
[INFO] 03:17:14:499 MEMORIA_LOG/(285447:285447): Se conecto el: ENTRADASALIDA
[INFO] 17:00:46:089 MEMORIA_LOG/(324589:324589): PUERTO_ESCUCHA: 8002
[INFO] 17:00:46:089 MEMORIA_LOG/(324589:324589): TAM_MEMORIA: 4096
[INFO] 17:00:46:089 MEMORIA_LOG/(324589:324589): TAM_PAGINA: 32
[INFO] 17:00:46:089 MEMORIA_LOG/(324589:324589): PATH_INSTRUCCIONES: /home/utnso/scripts-pruebas
[INFO] 17:00:46:090 MEMORIA_LOG/(324589:324589): RETARDO_RESPUESTA: 1000
[INFO] 17:00:46:090 MEMORIA_LOG/(324589:324589): MEMORIA INICIADA
[INFO] 17:00:46:090 MEMORIA_LOG/(324589:324589): Esperando a cpu...
[INFO] 17:01:01:157 MEMORIA_LOG/(324589:324589): Se conecto el: CPU
[INFO] 17:01:01:157 MEMORIA_LOG/(324589:324589): Esperando a Kernel...
[INFO] 17:01:20:242 MEMORIA_LOG/(324589:324589): Se conecto el: KERNEL
[INFO] 17:01:20:242 MEMORIA_LOG/(324589:324589): Esperando a entradasalida...
[INFO] 17:01:36:732 MEMORIA_LOG/(324589:324589): Se conecto el: ENTRADASALIDA
[ERROR] 17:01:36:732 MEMORIA_LOG/(324589:324617): El KERNEL-DISPATCH se desconecto. Terminando servidor
[ERROR] 17:01:36:732 MEMORIA_LOG/(324589:324616): El KERNEL-DISPATCH se desconecto. Terminando servidor
[ERROR] 17:01:36:733 MEMORIA_LOG/(324589:324618): El KERNEL-DISPATCH se desconecto. Terminando servidor
[INFO] 20:34:27:162 MEMORIA_LOG/(331204:331204): PUERTO_ESCUCHA: 8002
[INFO] 20:34:27:162 MEMORIA_LOG/(331204:331204): TAM_MEMORIA: 4096
[INFO] 20:34:27:162 MEMORIA_LOG/(331204:331204): TAM_PAGINA: 32
[INFO] 20:34:27:162 MEMORIA_LOG/(331204:331204): PATH_INSTRUCCIONES: /home/utnso/scripts-pruebas
[INFO] 20:34:27:163 MEMORIA_LOG/(331204:331204): RETARDO_RESPUESTA: 1000
[INFO] 20:34:27:163 MEMORIA_LOG/(331204:331204): MEMORIA INICIADA
[INFO] 20:34:27:163 MEMORIA_LOG/(331204:331204): Esperando a cpu...
[INFO] 20:34:38:031 MEMORIA_LOG/(331204:331204): Se conecto el: CPU
[INFO] 20:34:38:031 MEMORIA_LOG/(331204:331204): Esperando a Kernel...
[INFO] 20:34:51:298 MEMORIA_LOG/(331204:331204): Se conecto el: KERNEL
[INFO] 20:34:51:299 MEMORIA_LOG/(331204:331204): Esperando a entradasalida...
[INFO] 20:35:07:989 MEMORIA_LOG/(331204:331204): Se conecto el: ENTRADASALIDA
[ERROR] 20:35:07:990 MEMORIA_LOG/(331204:331228): E/S desconectada. Terminando servidor
[ERROR] 20:35:07:990 MEMORIA_LOG/(331204:331227): El KERNEL se desconecto. Terminando servidor
[ERROR] 20:35:07:990 MEMORIA_LOG/(331204:331229): El CPU se desconecto. Terminando servidor
[INFO] 23:48:19:785 MEMORIA_LOG/(63003:63003): PUERTO_ESCUCHA: 8002
[INFO] 23:48:19:786 MEMORIA_LOG/(63003:63003): TAM_MEMORIA: 4096
[INFO] 23:48:19:786 MEMORIA_LOG/(63003:63003): TAM_PAGINA: 32
[INFO] 23:48:19:786 MEMORIA_LOG/(63003:63003): PATH_INSTRUCCIONES: /home/utnso/scripts-pruebas
[INFO] 23:48:19:786 MEMORIA_LOG/(63003:63003): RETARDO_RESPUESTA: 1000
[INFO] 23:48:19:786 MEMORIA_LOG/(63003:63003): MEMORIA INICIADA
[INFO] 23:48:19:786 MEMORIA_LOG/(63003:63003): Esperando a cpu...
[INFO] 23:48:22:932 MEMORIA_LOG/(63003:63003): Se conecto el: CPU
[INFO] 23:48:22:932 MEMORIA_LOG/(63003:63003): Esperando a Kernel...
[INFO] 23:48:25:906 MEMORIA_LOG/(63003:63003): Se conecto el: KERNEL
[INFO] 23:48:25:906 MEMORIA_LOG/(63003:63003): Esperando a entradasalida...
[INFO] 23:48:28:035 MEMORIA_LOG/(63003:63003): Se conecto el: ENTRADASALIDA
[ERROR] 23:48:28:035 MEMORIA_LOG/(63003:63014): El CPU se desconecto. Terminando servidor
[INFO] 00:18:08:796 MEMORIA_LOG/(66666:66666): PUERTO_ESCUCHA: 8002
[INFO] 00:18:08:796 MEMORIA_LOG/(66666:66666): TAM_MEMORIA: 4096
[INFO] 00:18:08:797 MEMORIA_LOG/(66666:66666): TAM_PAGINA: 32
[INFO] 00:18:08:797 MEMORIA_LOG/(66666:66666): PATH_INSTRUCCIONES: /home/utnso/scripts-pruebas
[INFO] 00:18:08:797 MEMORIA_LOG/(66666:66666): RETARDO_RESPUESTA: 1000
[INFO] 00:18:08:797 MEMORIA_LOG/(66666:66666): MEMORIA INICIADA
[INFO] 00:18:08:797 MEMORIA_LOG/(66666:66666): Esperando a cpu...
[INFO] 00:18:13:039 MEMORIA_LOG/(66666:66666): Se conecto el: CPU
[INFO] 00:18:13:039 MEMORIA_LOG/(66666:66666): Esperando a Kernel...
[INFO] 00:18:15:628 MEMORIA_LOG/(66666:66666): Se conecto el: KERNEL
[INFO] 00:18:15:628 MEMORIA_LOG/(66666:66666): Esperando a entradasalida...
[INFO] 00:18:17:882 MEMORIA_LOG/(66666:66666): Se conecto el: ENTRADASALIDA
[ERROR] 00:18:17:882 MEMORIA_LOG/(66666:66677): El CPU se desconecto. Terminando servidor
[INFO] 00:23:48:743 MEMORIA_LOG/(68142:68142): PUERTO_ESCUCHA: 8002
[INFO] 00:23:48:743 MEMORIA_LOG/(68142:68142): TAM_MEMORIA: 4096
[INFO] 00:23:48:743 MEMORIA_LOG/(68142:68142): TAM_PAGINA: 32
[INFO] 00:23:48:743 MEMORIA_LOG/(68142:68142): PATH_INSTRUCCIONES: /home/utnso/scripts-pruebas
[INFO] 00:23:48:743 MEMORIA_LOG/(68142:68142): RETARDO_RESPUESTA: 1000
[INFO] 00:23:48:743 MEMORIA_LOG/(68142:68142): MEMORIA INICIADA
[INFO] 00:23:48:743 MEMORIA_LOG/(68142:68142): Esperando a cpu...
[INFO] 00:23:51:226 MEMORIA_LOG/(68142:68142): Se conecto el: CPU
[INFO] 00:23:51:226 MEMORIA_LOG/(68142:68142): Esperando a Kernel...
[INFO] 00:23:52:902 MEMORIA_LOG/(68142:68142): Se conecto el: KERNEL
[INFO] 00:23:52:903 MEMORIA_LOG/(68142:68142): Esperando a entradasalida...
[INFO] 00:23:54:268 MEMORIA_LOG/(68142:68142): Se conecto el: ENTRADASALIDA
